Connecting to database specified by database.yml
  [1m[36m (0.0ms)[0m  [1mselect sqlite_version(*)[0m
  [1m[35m (5.0ms)[0m  CREATE TABLE "schema_migrations" ("version" varchar(255) NOT NULL) 
  [1m[36m (4.7ms)[0m  [1mCREATE UNIQUE INDEX "unique_schema_migrations" ON "schema_migrations" ("version")[0m
  [1m[35m (0.1ms)[0m  SELECT "schema_migrations"."version" FROM "schema_migrations" 
Connecting to database specified by database.yml
  [1m[36m (0.0ms)[0m  [1mselect sqlite_version(*)[0m
  [1m[35m (0.1ms)[0m  SELECT "schema_migrations"."version" FROM "schema_migrations" 
Connecting to database specified by database.yml
  [1m[36m (0.1ms)[0m  [1mSELECT "schema_migrations"."version" FROM "schema_migrations" [0m
Migrating to DeviseCreateUsers (20130329181513)
  [1m[35m (0.0ms)[0m  select sqlite_version(*)
  [1m[36m (0.0ms)[0m  [1mbegin transaction[0m
  [1m[35m (1.8ms)[0m  CREATE TABLE "users" ("id" INTEGER PRIMARY KEY AUTOINCREMENT NOT NULL, "email" varchar(255) DEFAULT '' NOT NULL, "encrypted_password" varchar(255) DEFAULT '' NOT NULL, "reset_password_token" varchar(255), "reset_password_sent_at" datetime, "remember_created_at" datetime, "sign_in_count" integer DEFAULT 0, "current_sign_in_at" datetime, "last_sign_in_at" datetime, "current_sign_in_ip" varchar(255), "last_sign_in_ip" varchar(255), "created_at" datetime NOT NULL, "updated_at" datetime NOT NULL) 
  [1m[36m (0.3ms)[0m  [1mCREATE UNIQUE INDEX "index_users_on_email" ON "users" ("email")[0m
  [1m[35m (0.1ms)[0m  CREATE UNIQUE INDEX "index_users_on_reset_password_token" ON "users" ("reset_password_token")
  [1m[36m (0.1ms)[0m  [1mINSERT INTO "schema_migrations" ("version") VALUES ('20130329181513')[0m
  [1m[35m (2.9ms)[0m  commit transaction
Migrating to CreateSearches (20130329181514)
  [1m[36m (0.0ms)[0m  [1mbegin transaction[0m
  [1m[35m (1.0ms)[0m  CREATE TABLE "searches" ("id" INTEGER PRIMARY KEY AUTOINCREMENT NOT NULL, "query_params" text, "user_id" integer, "created_at" datetime NOT NULL, "updated_at" datetime NOT NULL) 
  [1m[36m (0.1ms)[0m  [1mCREATE INDEX "index_searches_on_user_id" ON "searches" ("user_id")[0m
  [1m[35m (0.1ms)[0m  INSERT INTO "schema_migrations" ("version") VALUES ('20130329181514')
  [1m[36m (3.4ms)[0m  [1mcommit transaction[0m
Migrating to CreateBookmarks (20130329181515)
  [1m[35m (0.0ms)[0m  begin transaction
  [1m[36m (0.9ms)[0m  [1mCREATE TABLE "bookmarks" ("id" INTEGER PRIMARY KEY AUTOINCREMENT NOT NULL, "user_id" integer NOT NULL, "url" text, "document_id" varchar(255), "title" varchar(255), "notes" text, "created_at" datetime NOT NULL, "updated_at" datetime NOT NULL) [0m
  [1m[35m (0.1ms)[0m  INSERT INTO "schema_migrations" ("version") VALUES ('20130329181515')
  [1m[36m (2.6ms)[0m  [1mcommit transaction[0m
Migrating to RemoveEditableFieldsFromBookmarks (20130329181516)
  [1m[35m (0.0ms)[0m  begin transaction
  [1m[36m (0.5ms)[0m  [1mCREATE TEMPORARY TABLE "altered_bookmarks" ("id" INTEGER PRIMARY KEY AUTOINCREMENT NOT NULL, "user_id" integer NOT NULL, "url" text, "document_id" varchar(255), "title" varchar(255), "notes" text, "created_at" datetime NOT NULL, "updated_at" datetime NOT NULL) [0m
  [1m[35m (0.1ms)[0m  SELECT * FROM "bookmarks"
  [1m[36m (1.7ms)[0m  [1mDROP TABLE "bookmarks"[0m
  [1m[35m (0.1ms)[0m  CREATE TABLE "bookmarks" ("id" INTEGER PRIMARY KEY AUTOINCREMENT NOT NULL, "user_id" integer NOT NULL, "url" text, "document_id" varchar(255), "title" varchar(255), "created_at" datetime NOT NULL, "updated_at" datetime NOT NULL) 
  [1m[36m (0.0ms)[0m  [1mSELECT * FROM "altered_bookmarks"[0m
  [1m[35m (0.3ms)[0m  DROP TABLE "altered_bookmarks"
  [1m[36m (0.1ms)[0m  [1mCREATE TEMPORARY TABLE "altered_bookmarks" ("id" INTEGER PRIMARY KEY AUTOINCREMENT NOT NULL, "user_id" integer NOT NULL, "url" text, "document_id" varchar(255), "title" varchar(255), "created_at" datetime NOT NULL, "updated_at" datetime NOT NULL) [0m
  [1m[35m (0.0ms)[0m  SELECT * FROM "bookmarks"
  [1m[36m (0.2ms)[0m  [1mDROP TABLE "bookmarks"[0m
  [1m[35m (0.1ms)[0m  CREATE TABLE "bookmarks" ("id" INTEGER PRIMARY KEY AUTOINCREMENT NOT NULL, "user_id" integer NOT NULL, "document_id" varchar(255), "title" varchar(255), "created_at" datetime NOT NULL, "updated_at" datetime NOT NULL) 
  [1m[36m (0.0ms)[0m  [1mSELECT * FROM "altered_bookmarks"[0m
  [1m[35m (0.1ms)[0m  DROP TABLE "altered_bookmarks"
  [1m[36m (0.1ms)[0m  [1mINSERT INTO "schema_migrations" ("version") VALUES ('20130329181516')[0m
  [1m[35m (3.1ms)[0m  commit transaction
Migrating to AddUserTypesToBookmarksSearches (20130329181517)
  [1m[36m (0.0ms)[0m  [1mbegin transaction[0m
  [1m[35m (1.1ms)[0m  ALTER TABLE "searches" ADD "user_type" varchar(255)
  [1m[36m (0.1ms)[0m  [1mALTER TABLE "bookmarks" ADD "user_type" varchar(255)[0m
  [1m[35mSQL (0.0ms)[0m  UPDATE "searches" SET user_type = 'user'
  [1m[36mSQL (0.0ms)[0m  [1mUPDATE "bookmarks" SET user_type = 'user'[0m
  [1m[35m (0.1ms)[0m  INSERT INTO "schema_migrations" ("version") VALUES ('20130329181517')
  [1m[36m (2.7ms)[0m  [1mcommit transaction[0m
Migrating to CreateSuperusers (20130329181518)
  [1m[35m (0.0ms)[0m  begin transaction
  [1m[36m (0.9ms)[0m  [1mCREATE TABLE "superusers" ("id" INTEGER PRIMARY KEY AUTOINCREMENT NOT NULL, "user_id" integer NOT NULL) [0m
  [1m[35m (0.1ms)[0m  INSERT INTO "schema_migrations" ("version") VALUES ('20130329181518')
  [1m[36m (3.6ms)[0m  [1mcommit transaction[0m
Migrating to AddExportSets (20130329181519)
  [1m[35m (0.0ms)[0m  begin transaction
  [1m[36m (0.0ms)[0m  [1mrollback transaction[0m
Connecting to database specified by database.yml
  [1m[36m (0.1ms)[0m  [1mSELECT "schema_migrations"."version" FROM "schema_migrations" [0m
Migrating to DeviseCreateUsers (20130329181513)
Migrating to CreateSearches (20130329181514)
Migrating to CreateBookmarks (20130329181515)
Migrating to RemoveEditableFieldsFromBookmarks (20130329181516)
Migrating to AddUserTypesToBookmarksSearches (20130329181517)
Migrating to CreateSuperusers (20130329181518)
Migrating to AddExportSets (20130329181519)
  [1m[35m (0.0ms)[0m  select sqlite_version(*)
  [1m[36m (0.0ms)[0m  [1mbegin transaction[0m
  [1m[35m (0.1ms)[0m  rollback transaction
Connecting to database specified by database.yml
  [1m[36m (0.1ms)[0m  [1mSELECT "schema_migrations"."version" FROM "schema_migrations" [0m
Migrating to DeviseCreateUsers (20130329181513)
Migrating to CreateSearches (20130329181514)
Migrating to CreateBookmarks (20130329181515)
Migrating to RemoveEditableFieldsFromBookmarks (20130329181516)
Migrating to AddUserTypesToBookmarksSearches (20130329181517)
Migrating to CreateSuperusers (20130329181518)
Migrating to AddExportSets (20130329181519)
  [1m[35m (0.0ms)[0m  select sqlite_version(*)
  [1m[36m (0.0ms)[0m  [1mbegin transaction[0m
  [1m[35m (0.1ms)[0m  rollback transaction
Connecting to database specified by database.yml
  [1m[36m (0.1ms)[0m  [1mSELECT "schema_migrations"."version" FROM "schema_migrations" [0m
Migrating to DeviseCreateUsers (20130329181513)
Migrating to CreateSearches (20130329181514)
Migrating to CreateBookmarks (20130329181515)
Migrating to RemoveEditableFieldsFromBookmarks (20130329181516)
Migrating to AddUserTypesToBookmarksSearches (20130329181517)
Migrating to CreateSuperusers (20130329181518)
Migrating to AddExportSets (20130329181519)
  [1m[35m (0.0ms)[0m  select sqlite_version(*)
  [1m[36m (0.0ms)[0m  [1mbegin transaction[0m
  [1m[35m (5.6ms)[0m  CREATE TABLE "export_sets" ("id" INTEGER PRIMARY KEY AUTOINCREMENT NOT NULL, "user_id" integer, "created_at" datetime NOT NULL, "updated_at" datetime NOT NULL, "archive_file_name" varchar(255), "archive_content_type" varchar(255), "archive_file_size" integer, "archive_updated_at" datetime) 
  [1m[36m (0.2ms)[0m  [1mINSERT INTO "schema_migrations" ("version") VALUES ('20130329181519')[0m
  [1m[35m (3.5ms)[0m  commit transaction
Migrating to AddPidsToExportSets (20130329181520)
  [1m[36m (0.8ms)[0m  [1mbegin transaction[0m
  [1m[35m (1.3ms)[0m  ALTER TABLE "export_sets" ADD "pids" text
  [1m[36m (0.1ms)[0m  [1mINSERT INTO "schema_migrations" ("version") VALUES ('20130329181520')[0m
  [1m[35m (4.4ms)[0m  commit transaction
Migrating to AddTitleToExportSets (20130329181521)
  [1m[36m (0.1ms)[0m  [1mbegin transaction[0m
  [1m[35m (1.3ms)[0m  ALTER TABLE "export_sets" ADD "title" varchar(255)
  [1m[36m (0.1ms)[0m  [1mINSERT INTO "schema_migrations" ("version") VALUES ('20130329181521')[0m
  [1m[35m (3.2ms)[0m  commit transaction
  [1m[36m (0.1ms)[0m  [1mSELECT "schema_migrations"."version" FROM "schema_migrations" [0m
Connecting to database specified by database.yml
Connecting to database specified by database.yml
  [1m[36m (2.5ms)[0m  [1mSELECT "schema_migrations"."version" FROM "schema_migrations" [0m
  [1m[35m (0.3ms)[0m  select sqlite_version(*)
  [1m[36m (2.6ms)[0m  [1mCREATE TABLE "bookmarks" ("id" INTEGER PRIMARY KEY AUTOINCREMENT NOT NULL, "user_id" integer NOT NULL, "document_id" varchar(255), "title" varchar(255), "created_at" datetime NOT NULL, "updated_at" datetime NOT NULL, "user_type" varchar(255)) [0m
  [1m[35m (2.2ms)[0m  CREATE TABLE "export_sets" ("id" INTEGER PRIMARY KEY AUTOINCREMENT NOT NULL, "user_id" integer, "created_at" datetime NOT NULL, "updated_at" datetime NOT NULL, "archive_file_name" varchar(255), "archive_content_type" varchar(255), "archive_file_size" integer, "archive_updated_at" datetime, "pids" text, "title" varchar(255)) 
  [1m[36m (2.1ms)[0m  [1mCREATE TABLE "searches" ("id" INTEGER PRIMARY KEY AUTOINCREMENT NOT NULL, "query_params" text, "user_id" integer, "created_at" datetime NOT NULL, "updated_at" datetime NOT NULL, "user_type" varchar(255)) [0m
  [1m[35m (2.2ms)[0m  CREATE INDEX "index_searches_on_user_id" ON "searches" ("user_id")
  [1m[36m (2.0ms)[0m  [1mCREATE TABLE "superusers" ("id" INTEGER PRIMARY KEY AUTOINCREMENT NOT NULL, "user_id" integer NOT NULL) [0m
  [1m[35m (1.9ms)[0m  CREATE TABLE "users" ("id" INTEGER PRIMARY KEY AUTOINCREMENT NOT NULL, "email" varchar(255) DEFAULT '' NOT NULL, "encrypted_password" varchar(255) DEFAULT '' NOT NULL, "reset_password_token" varchar(255), "reset_password_sent_at" datetime, "remember_created_at" datetime, "sign_in_count" integer DEFAULT 0, "current_sign_in_at" datetime, "last_sign_in_at" datetime, "current_sign_in_ip" varchar(255), "last_sign_in_ip" varchar(255), "created_at" datetime NOT NULL, "updated_at" datetime NOT NULL) 
  [1m[36m (2.0ms)[0m  [1mCREATE UNIQUE INDEX "index_users_on_email" ON "users" ("email")[0m
  [1m[35m (2.7ms)[0m  CREATE UNIQUE INDEX "index_users_on_reset_password_token" ON "users" ("reset_password_token")
  [1m[36m (0.1ms)[0m  [1mSELECT version FROM "schema_migrations"[0m
  [1m[35m (2.0ms)[0m  INSERT INTO "schema_migrations" (version) VALUES ('20130329181521')
Connecting to database specified by database.yml
  [1m[36m (1.7ms)[0m  [1mSELECT "schema_migrations"."version" FROM "schema_migrations" [0m
  [1m[35m (0.2ms)[0m  select sqlite_version(*)
  [1m[36m (6.1ms)[0m  [1mDROP TABLE "bookmarks"[0m
  [1m[35m (2.2ms)[0m  CREATE TABLE "bookmarks" ("id" INTEGER PRIMARY KEY AUTOINCREMENT NOT NULL, "user_id" integer NOT NULL, "document_id" varchar(255), "title" varchar(255), "created_at" datetime NOT NULL, "updated_at" datetime NOT NULL, "user_type" varchar(255)) 
  [1m[36m (1.6ms)[0m  [1mDROP TABLE "export_sets"[0m
  [1m[35m (2.1ms)[0m  CREATE TABLE "export_sets" ("id" INTEGER PRIMARY KEY AUTOINCREMENT NOT NULL, "user_id" integer, "created_at" datetime NOT NULL, "updated_at" datetime NOT NULL, "archive_file_name" varchar(255), "archive_content_type" varchar(255), "archive_file_size" integer, "archive_updated_at" datetime, "pids" text, "title" varchar(255)) 
  [1m[36m (2.3ms)[0m  [1mDROP TABLE "searches"[0m
  [1m[35m (2.5ms)[0m  CREATE TABLE "searches" ("id" INTEGER PRIMARY KEY AUTOINCREMENT NOT NULL, "query_params" text, "user_id" integer, "created_at" datetime NOT NULL, "updated_at" datetime NOT NULL, "user_type" varchar(255)) 
  [1m[36m (1.8ms)[0m  [1mCREATE INDEX "index_searches_on_user_id" ON "searches" ("user_id")[0m
  [1m[35m (2.1ms)[0m  DROP TABLE "superusers"
  [1m[36m (161.0ms)[0m  [1mCREATE TABLE "superusers" ("id" INTEGER PRIMARY KEY AUTOINCREMENT NOT NULL, "user_id" integer NOT NULL) [0m
  [1m[35m (105.1ms)[0m  DROP TABLE "users"
  [1m[36m (6.7ms)[0m  [1mCREATE TABLE "users" ("id" INTEGER PRIMARY KEY AUTOINCREMENT NOT NULL, "email" varchar(255) DEFAULT '' NOT NULL, "encrypted_password" varchar(255) DEFAULT '' NOT NULL, "reset_password_token" varchar(255), "reset_password_sent_at" datetime, "remember_created_at" datetime, "sign_in_count" integer DEFAULT 0, "current_sign_in_at" datetime, "last_sign_in_at" datetime, "current_sign_in_ip" varchar(255), "last_sign_in_ip" varchar(255), "created_at" datetime NOT NULL, "updated_at" datetime NOT NULL) [0m
  [1m[35m (3.9ms)[0m  CREATE UNIQUE INDEX "index_users_on_email" ON "users" ("email")
  [1m[36m (2.8ms)[0m  [1mCREATE UNIQUE INDEX "index_users_on_reset_password_token" ON "users" ("reset_password_token")[0m
  [1m[35m (0.1ms)[0m  SELECT version FROM "schema_migrations"
Connecting to database specified by database.yml
  [1m[36m (1.6ms)[0m  [1mSELECT "schema_migrations"."version" FROM "schema_migrations" [0m
  [1m[35m (0.2ms)[0m  select sqlite_version(*)
  [1m[36m (6.0ms)[0m  [1mDROP TABLE "bookmarks"[0m
  [1m[35m (2.1ms)[0m  CREATE TABLE "bookmarks" ("id" INTEGER PRIMARY KEY AUTOINCREMENT NOT NULL, "user_id" integer NOT NULL, "document_id" varchar(255), "title" varchar(255), "created_at" datetime NOT NULL, "updated_at" datetime NOT NULL, "user_type" varchar(255)) 
  [1m[36m (1.8ms)[0m  [1mDROP TABLE "export_sets"[0m
  [1m[35m (1.5ms)[0m  CREATE TABLE "export_sets" ("id" INTEGER PRIMARY KEY AUTOINCREMENT NOT NULL, "user_id" integer, "created_at" datetime NOT NULL, "updated_at" datetime NOT NULL, "archive_file_name" varchar(255), "archive_content_type" varchar(255), "archive_file_size" integer, "archive_updated_at" datetime, "pids" text, "title" varchar(255)) 
  [1m[36m (1.9ms)[0m  [1mDROP TABLE "searches"[0m
  [1m[35m (2.2ms)[0m  CREATE TABLE "searches" ("id" INTEGER PRIMARY KEY AUTOINCREMENT NOT NULL, "query_params" text, "user_id" integer, "created_at" datetime NOT NULL, "updated_at" datetime NOT NULL, "user_type" varchar(255)) 
  [1m[36m (2.1ms)[0m  [1mCREATE INDEX "index_searches_on_user_id" ON "searches" ("user_id")[0m
  [1m[35m (1.5ms)[0m  DROP TABLE "superusers"
  [1m[36m (1.5ms)[0m  [1mCREATE TABLE "superusers" ("id" INTEGER PRIMARY KEY AUTOINCREMENT NOT NULL, "user_id" integer NOT NULL) [0m
  [1m[35m (1.5ms)[0m  DROP TABLE "users"
  [1m[36m (2.5ms)[0m  [1mCREATE TABLE "users" ("id" INTEGER PRIMARY KEY AUTOINCREMENT NOT NULL, "email" varchar(255) DEFAULT '' NOT NULL, "encrypted_password" varchar(255) DEFAULT '' NOT NULL, "reset_password_token" varchar(255), "reset_password_sent_at" datetime, "remember_created_at" datetime, "sign_in_count" integer DEFAULT 0, "current_sign_in_at" datetime, "last_sign_in_at" datetime, "current_sign_in_ip" varchar(255), "last_sign_in_ip" varchar(255), "created_at" datetime NOT NULL, "updated_at" datetime NOT NULL) [0m
  [1m[35m (1.7ms)[0m  CREATE UNIQUE INDEX "index_users_on_email" ON "users" ("email")
  [1m[36m (1.8ms)[0m  [1mCREATE UNIQUE INDEX "index_users_on_reset_password_token" ON "users" ("reset_password_token")[0m
  [1m[35m (0.1ms)[0m  SELECT version FROM "schema_migrations"
Connecting to database specified by database.yml
  [1m[36m (1.6ms)[0m  [1mSELECT "schema_migrations"."version" FROM "schema_migrations" [0m
  [1m[35m (0.2ms)[0m  select sqlite_version(*)
  [1m[36m (2.9ms)[0m  [1mDROP TABLE "bookmarks"[0m
  [1m[35m (2.1ms)[0m  CREATE TABLE "bookmarks" ("id" INTEGER PRIMARY KEY AUTOINCREMENT NOT NULL, "user_id" integer NOT NULL, "document_id" varchar(255), "title" varchar(255), "created_at" datetime NOT NULL, "updated_at" datetime NOT NULL, "user_type" varchar(255)) 
  [1m[36m (2.0ms)[0m  [1mDROP TABLE "export_sets"[0m
  [1m[35m (1.8ms)[0m  CREATE TABLE "export_sets" ("id" INTEGER PRIMARY KEY AUTOINCREMENT NOT NULL, "user_id" integer, "created_at" datetime NOT NULL, "updated_at" datetime NOT NULL, "archive_file_name" varchar(255), "archive_content_type" varchar(255), "archive_file_size" integer, "archive_updated_at" datetime, "pids" text, "title" varchar(255)) 
  [1m[36m (2.0ms)[0m  [1mDROP TABLE "searches"[0m
  [1m[35m (2.7ms)[0m  CREATE TABLE "searches" ("id" INTEGER PRIMARY KEY AUTOINCREMENT NOT NULL, "query_params" text, "user_id" integer, "created_at" datetime NOT NULL, "updated_at" datetime NOT NULL, "user_type" varchar(255)) 
  [1m[36m (2.1ms)[0m  [1mCREATE INDEX "index_searches_on_user_id" ON "searches" ("user_id")[0m
  [1m[35m (1.9ms)[0m  DROP TABLE "superusers"
  [1m[36m (1.9ms)[0m  [1mCREATE TABLE "superusers" ("id" INTEGER PRIMARY KEY AUTOINCREMENT NOT NULL, "user_id" integer NOT NULL) [0m
  [1m[35m (2.4ms)[0m  DROP TABLE "users"
  [1m[36m (1.8ms)[0m  [1mCREATE TABLE "users" ("id" INTEGER PRIMARY KEY AUTOINCREMENT NOT NULL, "email" varchar(255) DEFAULT '' NOT NULL, "encrypted_password" varchar(255) DEFAULT '' NOT NULL, "reset_password_token" varchar(255), "reset_password_sent_at" datetime, "remember_created_at" datetime, "sign_in_count" integer DEFAULT 0, "current_sign_in_at" datetime, "last_sign_in_at" datetime, "current_sign_in_ip" varchar(255), "last_sign_in_ip" varchar(255), "created_at" datetime NOT NULL, "updated_at" datetime NOT NULL) [0m
  [1m[35m (2.0ms)[0m  CREATE UNIQUE INDEX "index_users_on_email" ON "users" ("email")
  [1m[36m (2.0ms)[0m  [1mCREATE UNIQUE INDEX "index_users_on_reset_password_token" ON "users" ("reset_password_token")[0m
  [1m[35m (0.1ms)[0m  SELECT version FROM "schema_migrations"
Connecting to database specified by database.yml
Connecting to database specified by database.yml
Connecting to database specified by database.yml
Connecting to database specified by database.yml
Connecting to database specified by database.yml
Connecting to database specified by database.yml
Connecting to database specified by database.yml
Connecting to database specified by database.yml
Connecting to database specified by database.yml
Connecting to database specified by database.yml
Connecting to database specified by database.yml
Connecting to database specified by database.yml
Connecting to database specified by database.yml
Connecting to database specified by database.yml
